 ⚠ Linting is disabled.
   ▲ Next.js 15.5.19
   - Environments: .env.local, .env.production
   - Experiments (use with caution):
     · cpus: 1
     · staleTimes
     · optimizePackageImports
     · staticGenerationRetryCount: 5
     · staticGenerationMaxConcurrency: 1
     · staticGenerationMinPagesPerWorker: 50

   Creating an optimized production build ...
 ✓ Compiled successfully in 38.6s
   Skipping validation of types
   Collecting page data ...
   Generating static pages (0/127) ...
   Generating static pages (31/127) 
   Generating static pages (63/127) 
   Generating static pages (95/127) 
 ✓ Generating static pages (127/127)
   Finalizing page optimization ...
   Collecting build traces ...
