0 verbose cli /Users/macair1/.nvm/versions/node/v22.22.2/bin/node /Users/macair1/.nvm/versions/node/v22.22.2/lib/node_modules/npm/bin/npm-cli.js
1 info using npm@10.9.7
2 info using node@v22.22.2
3 silly config load:file:/Users/macair1/.nvm/versions/node/v22.22.2/lib/node_modules/npm/npmrc
4 silly config load:file:/Users/macair1/projects/SectorCalc-p5a/.npmrc
5 silly config load:file:/Users/macair1/.npmrc
6 silly config load:file:/Users/macair1/.nvm/versions/node/v22.22.2/etc/npmrc
7 verbose title npm exec which esbuild
8 verbose argv "exec" "--" "which" "esbuild"
9 verbose logfile logs-max:10 dir:/Users/macair1/projects/SectorCalc-p5a/.npm-cache/_logs/2026-07-01T22_47_59_483Z-
10 verbose logfile /Users/macair1/projects/SectorCalc-p5a/.npm-cache/_logs/2026-07-01T22_47_59_483Z-debug-0.log
11 silly logfile start cleaning logs, removing 1 files
12 silly logfile done cleaning log files
13 silly packumentCache heap:8640266240 maxSize:2160066560 maxEntrySize:1080033280
14 verbose cwd /Users/macair1/projects/SectorCalc-p5a
15 verbose os Darwin 27.0.0
16 verbose node v22.22.2
17 verbose npm  v10.9.7
18 verbose exit 0
19 info ok
