0 verbose cli /Users/macair1/.nvm/versions/node/v22.22.2/bin/node /Users/macair1/.nvm/versions/node/v22.22.2/bin/npm
1 info using npm@10.9.7
2 info using node@v22.22.2
3 silly config load:file:/Users/macair1/.nvm/versions/node/v22.22.2/lib/node_modules/npm/npmrc
4 silly config load:file:/Users/macair1/projects/SectorCalc-p5a/.firebase/sectorcalc-bf412/functions/.npmrc
5 silly config load:file:/Users/macair1/.npmrc
6 silly config load:file:/Users/macair1/.nvm/versions/node/v22.22.2/etc/npmrc
7 verbose title npm i
8 verbose argv "i" "--omit" "dev" "--no-audit"
9 verbose logfile logs-max:10 dir:/Users/macair1/projects/SectorCalc-p5a/.npm-cache/_logs/2026-07-01T22_48_01_885Z-
10 verbose logfile /Users/macair1/projects/SectorCalc-p5a/.npm-cache/_logs/2026-07-01T22_48_01_885Z-debug-0.log
11 silly logfile start cleaning logs, removing 1 files
12 silly packumentCache heap:8640266240 maxSize:2160066560 maxEntrySize:1080033280
13 silly logfile done cleaning log files
14 silly idealTree buildDeps
15 silly fetch manifest firebase-frameworks@^0.11.0
16 silly packumentCache full:https://registry.npmjs.org/firebase-frameworks cache-miss
17 http cache https://registry.npmjs.org/firebase-frameworks 48ms (cache hit)
18 silly packumentCache full:https://registry.npmjs.org/firebase-frameworks set size:536949 disposed:false
19 silly fetch manifest firebase@^12.15.0
20 silly packumentCache full:https://registry.npmjs.org/firebase cache-miss
21 http cache https://registry.npmjs.org/firebase 22ms (cache hit)
22 silly packumentCache full:https://registry.npmjs.org/firebase set size:30105677 disposed:false
23 silly fetch manifest firebase-admin@^13.0.0
24 silly packumentCache full:https://registry.npmjs.org/firebase-admin cache-miss
25 http cache https://registry.npmjs.org/firebase-admin 2ms (cache hit)
26 silly packumentCache full:https://registry.npmjs.org/firebase-admin set size:772407 disposed:false
27 silly fetch manifest sharp@^0.32 || ^0.33
28 silly packumentCache full:https://registry.npmjs.org/sharp cache-miss
29 http cache https://registry.npmjs.org/sharp 1ms (cache hit)
30 silly packumentCache full:https://registry.npmjs.org/sharp set size:1201295 disposed:false
31 silly placeDep ROOT firebase-frameworks@0.11.8 OK for: fresh_app@0.1.0 want: ^0.11.0
32 silly placeDep ROOT sharp@0.33.5 REPLACE for: firebase-frameworks@0.11.8 want: ^0.32 || ^0.33
33 silly fetch manifest cookie@^0.5.0
34 silly packumentCache full:https://registry.npmjs.org/cookie cache-miss
35 silly fetch manifest lru-cache@^7.14.0
36 silly packumentCache full:https://registry.npmjs.org/lru-cache cache-miss
37 silly fetch manifest @hapi/accept@^6.0.1
38 silly packumentCache full:https://registry.npmjs.org/@hapi%2faccept cache-miss
39 silly fetch manifest color@^4.2.3
40 silly packumentCache full:https://registry.npmjs.org/color cache-miss
41 silly fetch manifest @img/sharp-wasm32@0.33.5
42 silly packumentCache full:https://registry.npmjs.org/@img%2fsharp-wasm32 cache-miss
43 silly fetch manifest @img/sharp-linux-arm@0.33.5
44 silly packumentCache full:https://registry.npmjs.org/@img%2fsharp-linux-arm cache-miss
45 silly fetch manifest @img/sharp-linux-x64@0.33.5
46 silly packumentCache full:https://registry.npmjs.org/@img%2fsharp-linux-x64 cache-miss
47 silly fetch manifest @img/sharp-win32-x64@0.33.5
48 silly packumentCache full:https://registry.npmjs.org/@img%2fsharp-win32-x64 cache-miss
49 silly fetch manifest @img/sharp-darwin-x64@0.33.5
50 silly packumentCache full:https://registry.npmjs.org/@img%2fsharp-darwin-x64 cache-miss
51 http cache https://registry.npmjs.org/cookie 7ms (cache hit)
52 silly packumentCache full:https://registry.npmjs.org/cookie set size:78274 disposed:false
53 silly fetch manifest @img/sharp-win32-ia32@0.33.5
54 silly packumentCache full:https://registry.npmjs.org/@img%2fsharp-win32-ia32 cache-miss
55 http cache https://registry.npmjs.org/@img%2fsharp-wasm32 7ms (cache hit)
56 silly packumentCache full:https://registry.npmjs.org/@img%2fsharp-wasm32 set size:99309 disposed:false
57 silly fetch manifest @img/sharp-linux-arm64@0.33.5
58 silly packumentCache full:https://registry.npmjs.org/@img%2fsharp-linux-arm64 cache-miss
59 http cache https://registry.npmjs.org/@img%2fsharp-linux-arm 7ms (cache hit)
60 silly packumentCache full:https://registry.npmjs.org/@img%2fsharp-linux-arm set size:102715 disposed:false
61 silly fetch manifest @img/sharp-linux-s390x@0.33.5
62 silly packumentCache full:https://registry.npmjs.org/@img%2fsharp-linux-s390x cache-miss
63 http cache https://registry.npmjs.org/@img%2fsharp-linux-x64 8ms (cache hit)
64 silly packumentCache full:https://registry.npmjs.org/@img%2fsharp-linux-x64 set size:102218 disposed:false
65 silly fetch manifest @img/sharp-darwin-arm64@0.33.5
66 silly packumentCache full:https://registry.npmjs.org/@img%2fsharp-darwin-arm64 cache-miss
67 http cache https://registry.npmjs.org/@img%2fsharp-darwin-x64 8ms (cache hit)
68 silly packumentCache full:https://registry.npmjs.org/@img%2fsharp-darwin-x64 set size:104467 disposed:false
69 silly fetch manifest @img/sharp-linuxmusl-x64@0.33.5
70 silly packumentCache full:https://registry.npmjs.org/@img%2fsharp-linuxmusl-x64 cache-miss
71 http cache https://registry.npmjs.org/lru-cache 10ms (cache hit)
72 silly packumentCache full:https://registry.npmjs.org/lru-cache set size:456196 disposed:false
73 silly fetch manifest @img/sharp-linuxmusl-arm64@0.33.5
74 silly packumentCache full:https://registry.npmjs.org/@img%2fsharp-linuxmusl-arm64 cache-miss
75 http cache https://registry.npmjs.org/@hapi%2faccept 14ms (cache hit)
76 silly packumentCache full:https://registry.npmjs.org/@hapi%2faccept set size:38799 disposed:false
77 silly fetch manifest @img/sharp-libvips-linux-arm@1.0.5
78 silly packumentCache full:https://registry.npmjs.org/@img%2fsharp-libvips-linux-arm cache-miss
79 http cache https://registry.npmjs.org/@img%2fsharp-win32-x64 13ms (cache hit)
80 silly packumentCache full:https://registry.npmjs.org/@img%2fsharp-win32-x64 set size:103513 disposed:false
81 silly fetch manifest @img/sharp-libvips-linux-x64@1.0.4
82 silly packumentCache full:https://registry.npmjs.org/@img%2fsharp-libvips-linux-x64 cache-miss
83 http cache https://registry.npmjs.org/color 15ms (cache hit)
84 silly packumentCache full:https://registry.npmjs.org/color set size:98234 disposed:false
85 silly fetch manifest @img/sharp-libvips-darwin-x64@1.0.4
86 silly packumentCache full:https://registry.npmjs.org/@img%2fsharp-libvips-darwin-x64 cache-miss
87 http cache https://registry.npmjs.org/@img%2fsharp-linux-arm64 9ms (cache hit)
88 silly packumentCache full:https://registry.npmjs.org/@img%2fsharp-linux-arm64 set size:103552 disposed:false
89 silly fetch manifest @img/sharp-libvips-linux-arm64@1.0.4
90 silly packumentCache full:https://registry.npmjs.org/@img%2fsharp-libvips-linux-arm64 cache-miss
91 http cache https://registry.npmjs.org/@img%2fsharp-linux-s390x 10ms (cache hit)
92 silly packumentCache full:https://registry.npmjs.org/@img%2fsharp-linux-s390x set size:101430 disposed:false
93 silly fetch manifest @img/sharp-libvips-linux-s390x@1.0.4
94 silly packumentCache full:https://registry.npmjs.org/@img%2fsharp-libvips-linux-s390x cache-miss
95 http cache https://registry.npmjs.org/@img%2fsharp-win32-ia32 11ms (cache hit)
96 silly packumentCache full:https://registry.npmjs.org/@img%2fsharp-win32-ia32 set size:104482 disposed:false
97 silly fetch manifest @img/sharp-libvips-darwin-arm64@1.0.4
98 silly packumentCache full:https://registry.npmjs.org/@img%2fsharp-libvips-darwin-arm64 cache-miss
99 http cache https://registry.npmjs.org/@img%2fsharp-linuxmusl-arm64 7ms (cache hit)
100 silly packumentCache full:https://registry.npmjs.org/@img%2fsharp-linuxmusl-arm64 set size:105157 disposed:false
101 silly fetch manifest @img/sharp-libvips-linuxmusl-x64@1.0.4
102 silly packumentCache full:https://registry.npmjs.org/@img%2fsharp-libvips-linuxmusl-x64 cache-miss
103 http cache https://registry.npmjs.org/@img%2fsharp-linuxmusl-x64 9ms (cache hit)
104 silly packumentCache full:https://registry.npmjs.org/@img%2fsharp-linuxmusl-x64 set size:103818 disposed:false
105 silly fetch manifest @img/sharp-libvips-linuxmusl-arm64@1.0.4
106 silly packumentCache full:https://registry.npmjs.org/@img%2fsharp-libvips-linuxmusl-arm64 cache-miss
107 http cache https://registry.npmjs.org/@img%2fsharp-libvips-linux-x64 4ms (cache hit)
108 silly packumentCache full:https://registry.npmjs.org/@img%2fsharp-libvips-linux-x64 set size:86327 disposed:false
109 http cache https://registry.npmjs.org/@img%2fsharp-darwin-arm64 11ms (cache hit)
110 silly packumentCache full:https://registry.npmjs.org/@img%2fsharp-darwin-arm64 set size:105848 disposed:false
111 http cache https://registry.npmjs.org/@img%2fsharp-libvips-linux-arm 6ms (cache hit)
112 silly packumentCache full:https://registry.npmjs.org/@img%2fsharp-libvips-linux-arm set size:90480 disposed:false
113 http cache https://registry.npmjs.org/@img%2fsharp-libvips-darwin-x64 6ms (cache hit)
114 silly packumentCache full:https://registry.npmjs.org/@img%2fsharp-libvips-darwin-x64 set size:83096 disposed:false
115 http cache https://registry.npmjs.org/@img%2fsharp-libvips-linux-s390x 4ms (cache hit)
116 silly packumentCache full:https://registry.npmjs.org/@img%2fsharp-libvips-linux-s390x set size:81565 disposed:false
117 http cache https://registry.npmjs.org/@img%2fsharp-libvips-linuxmusl-arm64 3ms (cache hit)
118 silly packumentCache full:https://registry.npmjs.org/@img%2fsharp-libvips-linuxmusl-arm64 set size:86720 disposed:false
119 http cache https://registry.npmjs.org/@img%2fsharp-libvips-linux-arm64 5ms (cache hit)
120 silly packumentCache full:https://registry.npmjs.org/@img%2fsharp-libvips-linux-arm64 set size:87554 disposed:false
121 http cache https://registry.npmjs.org/@img%2fsharp-libvips-linuxmusl-x64 4ms (cache hit)
122 silly packumentCache full:https://registry.npmjs.org/@img%2fsharp-libvips-linuxmusl-x64 set size:83650 disposed:false
123 http cache https://registry.npmjs.org/@img%2fsharp-libvips-darwin-arm64 5ms (cache hit)
124 silly packumentCache full:https://registry.npmjs.org/@img%2fsharp-libvips-darwin-arm64 set size:83997 disposed:false
125 silly placeDep ROOT @hapi/accept@6.0.3 OK for: firebase-frameworks@0.11.8 want: ^6.0.1
126 silly placeDep node_modules/firebase-frameworks cookie@0.5.0 OK for: firebase-frameworks@0.11.8 want: ^0.5.0
127 silly placeDep node_modules/firebase-frameworks lru-cache@7.18.3 OK for: firebase-frameworks@0.11.8 want: ^7.14.0
128 silly fetch manifest @hapi/boom@^10.0.1
129 silly packumentCache full:https://registry.npmjs.org/@hapi%2fboom cache-miss
130 silly fetch manifest @hapi/hoek@^11.0.2
131 silly packumentCache full:https://registry.npmjs.org/@hapi%2fhoek cache-miss
132 http cache https://registry.npmjs.org/@hapi%2fboom 1ms (cache hit)
133 silly packumentCache full:https://registry.npmjs.org/@hapi%2fboom set size:55492 disposed:false
134 http cache https://registry.npmjs.org/@hapi%2fhoek 1ms (cache hit)
135 silly packumentCache full:https://registry.npmjs.org/@hapi%2fhoek set size:121471 disposed:false
136 silly placeDep ROOT @hapi/boom@10.0.1 OK for: @hapi/accept@6.0.3 want: ^10.0.1
137 silly placeDep ROOT @hapi/hoek@11.0.7 OK for: @hapi/accept@6.0.3 want: ^11.0.2
138 silly fetch manifest sharp@^0.34.3
139 silly packumentCache full:https://registry.npmjs.org/sharp cache-miss
140 http cache https://registry.npmjs.org/sharp 1ms (cache hit)
141 silly packumentCache full:https://registry.npmjs.org/sharp set size:1201295 disposed:false
142 silly placeDep node_modules/next sharp@0.34.5 OK for: next@15.5.19 want: ^0.34.3
143 silly fetch manifest @img/colour@^1.0.0
144 silly packumentCache full:https://registry.npmjs.org/@img%2fcolour cache-miss
145 silly fetch manifest @img/sharp-wasm32@0.34.5
146 silly packumentCache full:https://registry.npmjs.org/@img%2fsharp-wasm32 cache-hit
147 silly fetch manifest @img/sharp-linux-arm@0.34.5
148 silly packumentCache full:https://registry.npmjs.org/@img%2fsharp-linux-arm cache-hit
149 silly fetch manifest @img/sharp-linux-x64@0.34.5
150 silly packumentCache full:https://registry.npmjs.org/@img%2fsharp-linux-x64 cache-hit
151 silly fetch manifest @img/sharp-win32-x64@0.34.5
152 silly packumentCache full:https://registry.npmjs.org/@img%2fsharp-win32-x64 cache-hit
153 silly fetch manifest @img/sharp-darwin-x64@0.34.5
154 silly packumentCache full:https://registry.npmjs.org/@img%2fsharp-darwin-x64 cache-hit
155 silly fetch manifest @img/sharp-win32-ia32@0.34.5
156 silly packumentCache full:https://registry.npmjs.org/@img%2fsharp-win32-ia32 cache-hit
157 silly fetch manifest @img/sharp-linux-arm64@0.34.5
158 silly packumentCache full:https://registry.npmjs.org/@img%2fsharp-linux-arm64 cache-hit
159 silly fetch manifest @img/sharp-linux-ppc64@0.34.5
160 silly packumentCache full:https://registry.npmjs.org/@img%2fsharp-linux-ppc64 cache-miss
161 silly fetch manifest @img/sharp-linux-s390x@0.34.5
162 silly packumentCache full:https://registry.npmjs.org/@img%2fsharp-linux-s390x cache-hit
163 silly fetch manifest @img/sharp-win32-arm64@0.34.5
164 silly packumentCache full:https://registry.npmjs.org/@img%2fsharp-win32-arm64 cache-miss
165 silly fetch manifest @img/sharp-darwin-arm64@0.34.5
166 silly packumentCache full:https://registry.npmjs.org/@img%2fsharp-darwin-arm64 cache-hit
167 silly fetch manifest @img/sharp-linux-riscv64@0.34.5
168 silly packumentCache full:https://registry.npmjs.org/@img%2fsharp-linux-riscv64 cache-miss
169 silly fetch manifest @img/sharp-linuxmusl-x64@0.34.5
170 silly packumentCache full:https://registry.npmjs.org/@img%2fsharp-linuxmusl-x64 cache-hit
171 silly fetch manifest @img/sharp-linuxmusl-arm64@0.34.5
172 silly packumentCache full:https://registry.npmjs.org/@img%2fsharp-linuxmusl-arm64 cache-hit
173 silly fetch manifest @img/sharp-libvips-linux-arm@1.2.4
174 silly packumentCache full:https://registry.npmjs.org/@img%2fsharp-libvips-linux-arm cache-hit
175 silly fetch manifest @img/sharp-libvips-linux-x64@1.2.4
176 silly packumentCache full:https://registry.npmjs.org/@img%2fsharp-libvips-linux-x64 cache-hit
177 silly fetch manifest @img/sharp-libvips-darwin-x64@1.2.4
178 silly packumentCache full:https://registry.npmjs.org/@img%2fsharp-libvips-darwin-x64 cache-hit
179 silly fetch manifest @img/sharp-libvips-linux-arm64@1.2.4
180 silly packumentCache full:https://registry.npmjs.org/@img%2fsharp-libvips-linux-arm64 cache-hit
181 silly fetch manifest @img/sharp-libvips-linux-ppc64@1.2.4
182 silly packumentCache full:https://registry.npmjs.org/@img%2fsharp-libvips-linux-ppc64 cache-miss
183 silly fetch manifest @img/sharp-libvips-linux-s390x@1.2.4
184 silly packumentCache full:https://registry.npmjs.org/@img%2fsharp-libvips-linux-s390x cache-hit
185 silly fetch manifest @img/sharp-libvips-darwin-arm64@1.2.4
186 silly packumentCache full:https://registry.npmjs.org/@img%2fsharp-libvips-darwin-arm64 cache-hit
187 silly fetch manifest @img/sharp-libvips-linux-riscv64@1.2.4
188 silly packumentCache full:https://registry.npmjs.org/@img%2fsharp-libvips-linux-riscv64 cache-miss
189 silly fetch manifest @img/sharp-libvips-linuxmusl-x64@1.2.4
190 silly packumentCache full:https://registry.npmjs.org/@img%2fsharp-libvips-linuxmusl-x64 cache-hit
191 silly fetch manifest @img/sharp-libvips-linuxmusl-arm64@1.2.4
192 silly packumentCache full:https://registry.npmjs.org/@img%2fsharp-libvips-linuxmusl-arm64 cache-hit
193 http cache https://registry.npmjs.org/@img%2fsharp-linux-ppc64 3ms (cache hit)
194 silly packumentCache full:https://registry.npmjs.org/@img%2fsharp-linux-ppc64 set size:68168 disposed:false
195 http cache https://registry.npmjs.org/@img%2fcolour 4ms (cache hit)
196 silly packumentCache full:https://registry.npmjs.org/@img%2fcolour set size:9701 disposed:false
197 http cache https://registry.npmjs.org/@img%2fsharp-linux-riscv64 4ms (cache hit)
198 silly packumentCache full:https://registry.npmjs.org/@img%2fsharp-linux-riscv64 set size:45681 disposed:false
199 http cache https://registry.npmjs.org/@img%2fsharp-libvips-linux-riscv64 3ms (cache hit)
200 silly packumentCache full:https://registry.npmjs.org/@img%2fsharp-libvips-linux-riscv64 set size:58803 disposed:false
201 http cache https://registry.npmjs.org/@img%2fsharp-win32-arm64 4ms (cache hit)
202 silly packumentCache full:https://registry.npmjs.org/@img%2fsharp-win32-arm64 set size:63462 disposed:false
203 http cache https://registry.npmjs.org/@img%2fsharp-libvips-linux-ppc64 4ms (cache hit)
204 silly packumentCache full:https://registry.npmjs.org/@img%2fsharp-libvips-linux-ppc64 set size:72601 disposed:false
205 silly placeDep ROOT @img/sharp-darwin-arm64@0.33.5 OK for: sharp@0.33.5 want: 0.33.5
206 silly placeDep ROOT @img/sharp-darwin-x64@0.33.5 OK for: sharp@0.33.5 want: 0.33.5
207 silly placeDep ROOT @img/sharp-libvips-darwin-arm64@1.0.4 OK for: sharp@0.33.5 want: 1.0.4
208 silly placeDep ROOT @img/sharp-libvips-darwin-x64@1.0.4 OK for: sharp@0.33.5 want: 1.0.4
209 silly placeDep ROOT @img/sharp-libvips-linux-arm@1.0.5 OK for: sharp@0.33.5 want: 1.0.5
210 silly placeDep ROOT @img/sharp-libvips-linux-arm64@1.0.4 OK for: sharp@0.33.5 want: 1.0.4
211 silly placeDep ROOT @img/sharp-libvips-linux-s390x@1.0.4 OK for: sharp@0.33.5 want: 1.0.4
212 silly placeDep ROOT @img/sharp-libvips-linux-x64@1.0.4 OK for: sharp@0.33.5 want: 1.0.4
213 silly placeDep ROOT @img/sharp-libvips-linuxmusl-arm64@1.0.4 OK for: sharp@0.33.5 want: 1.0.4
214 silly placeDep ROOT @img/sharp-libvips-linuxmusl-x64@1.0.4 OK for: sharp@0.33.5 want: 1.0.4
215 silly placeDep ROOT @img/sharp-linux-arm@0.33.5 OK for: sharp@0.33.5 want: 0.33.5
216 silly placeDep ROOT @img/sharp-linux-arm64@0.33.5 OK for: sharp@0.33.5 want: 0.33.5
217 silly placeDep ROOT @img/sharp-linux-s390x@0.33.5 OK for: sharp@0.33.5 want: 0.33.5
218 silly placeDep ROOT @img/sharp-linux-x64@0.33.5 OK for: sharp@0.33.5 want: 0.33.5
219 silly placeDep ROOT @img/sharp-linuxmusl-arm64@0.33.5 OK for: sharp@0.33.5 want: 0.33.5
220 silly placeDep ROOT @img/sharp-linuxmusl-x64@0.33.5 OK for: sharp@0.33.5 want: 0.33.5
221 silly placeDep ROOT @img/sharp-wasm32@0.33.5 OK for: sharp@0.33.5 want: 0.33.5
222 silly placeDep ROOT @img/sharp-win32-ia32@0.33.5 OK for: sharp@0.33.5 want: 0.33.5
223 silly placeDep ROOT @img/sharp-win32-x64@0.33.5 OK for: sharp@0.33.5 want: 0.33.5
224 silly placeDep node_modules/sharp color@4.2.3 OK for: sharp@0.33.5 want: ^4.2.3
225 silly fetch manifest color-string@^1.9.0
226 silly packumentCache full:https://registry.npmjs.org/color-string cache-miss
227 http cache https://registry.npmjs.org/color-string 1ms (cache hit)
228 silly packumentCache full:https://registry.npmjs.org/color-string set size:84418 disposed:false
229 silly placeDep ROOT @img/colour@1.1.0 OK for: sharp@0.34.5 want: ^1.0.0
230 silly placeDep node_modules/next @img/sharp-darwin-arm64@0.34.5 OK for: sharp@0.34.5 want: 0.34.5
231 silly placeDep node_modules/next @img/sharp-darwin-x64@0.34.5 OK for: sharp@0.34.5 want: 0.34.5
232 silly placeDep node_modules/next @img/sharp-libvips-darwin-arm64@1.2.4 OK for: sharp@0.34.5 want: 1.2.4
233 silly placeDep node_modules/next @img/sharp-libvips-darwin-x64@1.2.4 OK for: sharp@0.34.5 want: 1.2.4
234 silly placeDep node_modules/next @img/sharp-libvips-linux-arm@1.2.4 OK for: sharp@0.34.5 want: 1.2.4
235 silly placeDep node_modules/next @img/sharp-libvips-linux-arm64@1.2.4 OK for: sharp@0.34.5 want: 1.2.4
236 silly placeDep ROOT @img/sharp-libvips-linux-ppc64@1.2.4 OK for: sharp@0.34.5 want: 1.2.4
237 silly placeDep ROOT @img/sharp-libvips-linux-riscv64@1.2.4 OK for: sharp@0.34.5 want: 1.2.4
238 silly placeDep node_modules/next @img/sharp-libvips-linux-s390x@1.2.4 OK for: sharp@0.34.5 want: 1.2.4
239 silly placeDep node_modules/next @img/sharp-libvips-linux-x64@1.2.4 OK for: sharp@0.34.5 want: 1.2.4
240 silly placeDep node_modules/next @img/sharp-libvips-linuxmusl-arm64@1.2.4 OK for: sharp@0.34.5 want: 1.2.4
241 silly placeDep node_modules/next @img/sharp-libvips-linuxmusl-x64@1.2.4 OK for: sharp@0.34.5 want: 1.2.4
242 silly placeDep node_modules/next @img/sharp-linux-arm@0.34.5 OK for: sharp@0.34.5 want: 0.34.5
243 silly placeDep node_modules/next @img/sharp-linux-arm64@0.34.5 OK for: sharp@0.34.5 want: 0.34.5
244 silly placeDep ROOT @img/sharp-linux-ppc64@0.34.5 OK for: sharp@0.34.5 want: 0.34.5
245 silly placeDep ROOT @img/sharp-linux-riscv64@0.34.5 OK for: sharp@0.34.5 want: 0.34.5
246 silly placeDep node_modules/next @img/sharp-linux-s390x@0.34.5 OK for: sharp@0.34.5 want: 0.34.5
247 silly placeDep node_modules/next @img/sharp-linux-x64@0.34.5 OK for: sharp@0.34.5 want: 0.34.5
248 silly placeDep node_modules/next @img/sharp-linuxmusl-arm64@0.34.5 OK for: sharp@0.34.5 want: 0.34.5
249 silly placeDep node_modules/next @img/sharp-linuxmusl-x64@0.34.5 OK for: sharp@0.34.5 want: 0.34.5
250 silly placeDep node_modules/next @img/sharp-wasm32@0.34.5 OK for: sharp@0.34.5 want: 0.34.5
251 silly placeDep ROOT @img/sharp-win32-arm64@0.34.5 OK for: sharp@0.34.5 want: 0.34.5
252 silly placeDep node_modules/next @img/sharp-win32-ia32@0.34.5 OK for: sharp@0.34.5 want: 0.34.5
253 silly placeDep node_modules/next @img/sharp-win32-x64@0.34.5 OK for: sharp@0.34.5 want: 0.34.5
254 silly placeDep node_modules/sharp color-string@1.9.1 OK for: color@4.2.3 want: ^1.9.0
255 silly fetch manifest simple-swizzle@^0.2.2
256 silly packumentCache full:https://registry.npmjs.org/simple-swizzle cache-miss
257 http cache https://registry.npmjs.org/simple-swizzle 1ms (cache hit)
258 silly packumentCache full:https://registry.npmjs.org/simple-swizzle set size:10651 disposed:false
259 silly placeDep ROOT simple-swizzle@0.2.4 OK for: color-string@1.9.1 want: ^0.2.2
260 silly fetch manifest is-arrayish@^0.3.1
261 silly packumentCache full:https://registry.npmjs.org/is-arrayish cache-miss
262 http cache https://registry.npmjs.org/is-arrayish 0ms (cache hit)
263 silly packumentCache full:https://registry.npmjs.org/is-arrayish set size:15371 disposed:false
264 silly placeDep ROOT is-arrayish@0.3.4 OK for: simple-swizzle@0.2.4 want: ^0.3.1
265 silly reify moves {}
266 verbose reify failed optional dependency /Users/macair1/projects/SectorCalc-p5a/.firebase/sectorcalc-bf412/functions/node_modules/@img/sharp-win32-arm64
267 silly reify mark deleted [
267 silly reify   '/Users/macair1/projects/SectorCalc-p5a/.firebase/sectorcalc-bf412/functions/node_modules/@img/sharp-win32-arm64'
267 silly reify ]
268 verbose reify failed optional dependency /Users/macair1/projects/SectorCalc-p5a/.firebase/sectorcalc-bf412/functions/node_modules/@img/sharp-linux-riscv64
269 silly reify mark deleted [
269 silly reify   '/Users/macair1/projects/SectorCalc-p5a/.firebase/sectorcalc-bf412/functions/node_modules/@img/sharp-linux-riscv64'
269 silly reify ]
270 verbose reify failed optional dependency /Users/macair1/projects/SectorCalc-p5a/.firebase/sectorcalc-bf412/functions/node_modules/@img/sharp-linux-ppc64
271 silly reify mark deleted [
271 silly reify   '/Users/macair1/projects/SectorCalc-p5a/.firebase/sectorcalc-bf412/functions/node_modules/@img/sharp-linux-ppc64'
271 silly reify ]
272 verbose reify failed optional dependency /Users/macair1/projects/SectorCalc-p5a/.firebase/sectorcalc-bf412/functions/node_modules/@img/sharp-libvips-linux-riscv64
273 silly reify mark deleted [
273 silly reify   '/Users/macair1/projects/SectorCalc-p5a/.firebase/sectorcalc-bf412/functions/node_modules/@img/sharp-libvips-linux-riscv64'
273 silly reify ]
274 verbose reify failed optional dependency /Users/macair1/projects/SectorCalc-p5a/.firebase/sectorcalc-bf412/functions/node_modules/@img/sharp-libvips-linux-ppc64
275 silly reify mark deleted [
275 silly reify   '/Users/macair1/projects/SectorCalc-p5a/.firebase/sectorcalc-bf412/functions/node_modules/@img/sharp-libvips-linux-ppc64'
275 silly reify ]
276 verbose reify failed optional dependency /Users/macair1/projects/SectorCalc-p5a/.firebase/sectorcalc-bf412/functions/node_modules/@img/sharp-win32-x64
277 silly reify mark deleted [
277 silly reify   '/Users/macair1/projects/SectorCalc-p5a/.firebase/sectorcalc-bf412/functions/node_modules/@img/sharp-win32-x64'
277 silly reify ]
278 verbose reify failed optional dependency /Users/macair1/projects/SectorCalc-p5a/.firebase/sectorcalc-bf412/functions/node_modules/@img/sharp-win32-ia32
279 silly reify mark deleted [
279 silly reify   '/Users/macair1/projects/SectorCalc-p5a/.firebase/sectorcalc-bf412/functions/node_modules/@img/sharp-win32-ia32'
279 silly reify ]
280 verbose reify failed optional dependency /Users/macair1/projects/SectorCalc-p5a/.firebase/sectorcalc-bf412/functions/node_modules/@img/sharp-wasm32
281 silly reify mark deleted [
281 silly reify   '/Users/macair1/projects/SectorCalc-p5a/.firebase/sectorcalc-bf412/functions/node_modules/@img/sharp-wasm32'
281 silly reify ]
282 verbose reify failed optional dependency /Users/macair1/projects/SectorCalc-p5a/.firebase/sectorcalc-bf412/functions/node_modules/@img/sharp-linuxmusl-x64
283 silly reify mark deleted [
283 silly reify   '/Users/macair1/projects/SectorCalc-p5a/.firebase/sectorcalc-bf412/functions/node_modules/@img/sharp-linuxmusl-x64'
283 silly reify ]
284 verbose reify failed optional dependency /Users/macair1/projects/SectorCalc-p5a/.firebase/sectorcalc-bf412/functions/node_modules/@img/sharp-linuxmusl-arm64
285 silly reify mark deleted [
285 silly reify   '/Users/macair1/projects/SectorCalc-p5a/.firebase/sectorcalc-bf412/functions/node_modules/@img/sharp-linuxmusl-arm64'
285 silly reify ]
286 verbose reify failed optional dependency /Users/macair1/projects/SectorCalc-p5a/.firebase/sectorcalc-bf412/functions/node_modules/@img/sharp-linux-x64
287 silly reify mark deleted [
287 silly reify   '/Users/macair1/projects/SectorCalc-p5a/.firebase/sectorcalc-bf412/functions/node_modules/@img/sharp-linux-x64'
287 silly reify ]
288 verbose reify failed optional dependency /Users/macair1/projects/SectorCalc-p5a/.firebase/sectorcalc-bf412/functions/node_modules/@img/sharp-linux-s390x
289 silly reify mark deleted [
289 silly reify   '/Users/macair1/projects/SectorCalc-p5a/.firebase/sectorcalc-bf412/functions/node_modules/@img/sharp-linux-s390x'
289 silly reify ]
290 verbose reify failed optional dependency /Users/macair1/projects/SectorCalc-p5a/.firebase/sectorcalc-bf412/functions/node_modules/@img/sharp-linux-arm64
291 silly reify mark deleted [
291 silly reify   '/Users/macair1/projects/SectorCalc-p5a/.firebase/sectorcalc-bf412/functions/node_modules/@img/sharp-linux-arm64'
291 silly reify ]
292 verbose reify failed optional dependency /Users/macair1/projects/SectorCalc-p5a/.firebase/sectorcalc-bf412/functions/node_modules/@img/sharp-linux-arm
293 silly reify mark deleted [
293 silly reify   '/Users/macair1/projects/SectorCalc-p5a/.firebase/sectorcalc-bf412/functions/node_modules/@img/sharp-linux-arm'
293 silly reify ]
294 verbose reify failed optional dependency /Users/macair1/projects/SectorCalc-p5a/.firebase/sectorcalc-bf412/functions/node_modules/@img/sharp-libvips-linuxmusl-x64
295 silly reify mark deleted [
295 silly reify   '/Users/macair1/projects/SectorCalc-p5a/.firebase/sectorcalc-bf412/functions/node_modules/@img/sharp-libvips-linuxmusl-x64'
295 silly reify ]
296 verbose reify failed optional dependency /Users/macair1/projects/SectorCalc-p5a/.firebase/sectorcalc-bf412/functions/node_modules/@img/sharp-libvips-linuxmusl-arm64
297 silly reify mark deleted [
297 silly reify   '/Users/macair1/projects/SectorCalc-p5a/.firebase/sectorcalc-bf412/functions/node_modules/@img/sharp-libvips-linuxmusl-arm64'
297 silly reify ]
298 verbose reify failed optional dependency /Users/macair1/projects/SectorCalc-p5a/.firebase/sectorcalc-bf412/functions/node_modules/@img/sharp-libvips-linux-x64
299 silly reify mark deleted [
299 silly reify   '/Users/macair1/projects/SectorCalc-p5a/.firebase/sectorcalc-bf412/functions/node_modules/@img/sharp-libvips-linux-x64'
299 silly reify ]
300 verbose reify failed optional dependency /Users/macair1/projects/SectorCalc-p5a/.firebase/sectorcalc-bf412/functions/node_modules/@img/sharp-libvips-linux-s390x
301 silly reify mark deleted [
301 silly reify   '/Users/macair1/projects/SectorCalc-p5a/.firebase/sectorcalc-bf412/functions/node_modules/@img/sharp-libvips-linux-s390x'
301 silly reify ]
302 verbose reify failed optional dependency /Users/macair1/projects/SectorCalc-p5a/.firebase/sectorcalc-bf412/functions/node_modules/@img/sharp-libvips-linux-arm64
303 silly reify mark deleted [
303 silly reify   '/Users/macair1/projects/SectorCalc-p5a/.firebase/sectorcalc-bf412/functions/node_modules/@img/sharp-libvips-linux-arm64'
303 silly reify ]
304 verbose reify failed optional dependency /Users/macair1/projects/SectorCalc-p5a/.firebase/sectorcalc-bf412/functions/node_modules/@img/sharp-libvips-linux-arm
305 silly reify mark deleted [
305 silly reify   '/Users/macair1/projects/SectorCalc-p5a/.firebase/sectorcalc-bf412/functions/node_modules/@img/sharp-libvips-linux-arm'
305 silly reify ]
306 verbose reify failed optional dependency /Users/macair1/projects/SectorCalc-p5a/.firebase/sectorcalc-bf412/functions/node_modules/@img/sharp-libvips-darwin-x64
307 silly reify mark deleted [
307 silly reify   '/Users/macair1/projects/SectorCalc-p5a/.firebase/sectorcalc-bf412/functions/node_modules/@img/sharp-libvips-darwin-x64'
307 silly reify ]
308 verbose reify failed optional dependency /Users/macair1/projects/SectorCalc-p5a/.firebase/sectorcalc-bf412/functions/node_modules/@img/sharp-darwin-x64
309 silly reify mark deleted [
309 silly reify   '/Users/macair1/projects/SectorCalc-p5a/.firebase/sectorcalc-bf412/functions/node_modules/@img/sharp-darwin-x64'
309 silly reify ]
310 verbose reify failed optional dependency /Users/macair1/projects/SectorCalc-p5a/.firebase/sectorcalc-bf412/functions/node_modules/@swc/core-win32-x64-msvc
311 silly reify mark deleted [
311 silly reify   '/Users/macair1/projects/SectorCalc-p5a/.firebase/sectorcalc-bf412/functions/node_modules/@swc/core-win32-x64-msvc'
311 silly reify ]
312 verbose reify failed optional dependency /Users/macair1/projects/SectorCalc-p5a/.firebase/sectorcalc-bf412/functions/node_modules/@swc/core-win32-ia32-msvc
313 silly reify mark deleted [
313 silly reify   '/Users/macair1/projects/SectorCalc-p5a/.firebase/sectorcalc-bf412/functions/node_modules/@swc/core-win32-ia32-msvc'
313 silly reify ]
314 verbose reify failed optional dependency /Users/macair1/projects/SectorCalc-p5a/.firebase/sectorcalc-bf412/functions/node_modules/@swc/core-win32-arm64-msvc
315 silly reify mark deleted [
315 silly reify   '/Users/macair1/projects/SectorCalc-p5a/.firebase/sectorcalc-bf412/functions/node_modules/@swc/core-win32-arm64-msvc'
315 silly reify ]
316 verbose reify failed optional dependency /Users/macair1/projects/SectorCalc-p5a/.firebase/sectorcalc-bf412/functions/node_modules/@swc/core-linux-x64-musl
317 silly reify mark deleted [
317 silly reify   '/Users/macair1/projects/SectorCalc-p5a/.firebase/sectorcalc-bf412/functions/node_modules/@swc/core-linux-x64-musl'
317 silly reify ]
318 verbose reify failed optional dependency /Users/macair1/projects/SectorCalc-p5a/.firebase/sectorcalc-bf412/functions/node_modules/@swc/core-linux-x64-gnu
319 silly reify mark deleted [
319 silly reify   '/Users/macair1/projects/SectorCalc-p5a/.firebase/sectorcalc-bf412/functions/node_modules/@swc/core-linux-x64-gnu'
319 silly reify ]
320 verbose reify failed optional dependency /Users/macair1/projects/SectorCalc-p5a/.firebase/sectorcalc-bf412/functions/node_modules/@swc/core-linux-s390x-gnu
321 silly reify mark deleted [
321 silly reify   '/Users/macair1/projects/SectorCalc-p5a/.firebase/sectorcalc-bf412/functions/node_modules/@swc/core-linux-s390x-gnu'
321 silly reify ]
322 verbose reify failed optional dependency /Users/macair1/projects/SectorCalc-p5a/.firebase/sectorcalc-bf412/functions/node_modules/@swc/core-linux-ppc64-gnu
323 silly reify mark deleted [
323 silly reify   '/Users/macair1/projects/SectorCalc-p5a/.firebase/sectorcalc-bf412/functions/node_modules/@swc/core-linux-ppc64-gnu'
323 silly reify ]
324 verbose reify failed optional dependency /Users/macair1/projects/SectorCalc-p5a/.firebase/sectorcalc-bf412/functions/node_modules/@swc/core-linux-arm64-musl
325 silly reify mark deleted [
325 silly reify   '/Users/macair1/projects/SectorCalc-p5a/.firebase/sectorcalc-bf412/functions/node_modules/@swc/core-linux-arm64-musl'
325 silly reify ]
326 verbose reify failed optional dependency /Users/macair1/projects/SectorCalc-p5a/.firebase/sectorcalc-bf412/functions/node_modules/@swc/core-linux-arm64-gnu
327 silly reify mark deleted [
327 silly reify   '/Users/macair1/projects/SectorCalc-p5a/.firebase/sectorcalc-bf412/functions/node_modules/@swc/core-linux-arm64-gnu'
327 silly reify ]
328 verbose reify failed optional dependency /Users/macair1/projects/SectorCalc-p5a/.firebase/sectorcalc-bf412/functions/node_modules/@swc/core-linux-arm-gnueabihf
329 silly reify mark deleted [
329 silly reify   '/Users/macair1/projects/SectorCalc-p5a/.firebase/sectorcalc-bf412/functions/node_modules/@swc/core-linux-arm-gnueabihf'
329 silly reify ]
330 verbose reify failed optional dependency /Users/macair1/projects/SectorCalc-p5a/.firebase/sectorcalc-bf412/functions/node_modules/@swc/core-darwin-x64
331 silly reify mark deleted [
331 silly reify   '/Users/macair1/projects/SectorCalc-p5a/.firebase/sectorcalc-bf412/functions/node_modules/@swc/core-darwin-x64'
331 silly reify ]
332 verbose reify failed optional dependency /Users/macair1/projects/SectorCalc-p5a/.firebase/sectorcalc-bf412/functions/node_modules/@sentry/cli-win32-x64
333 silly reify mark deleted [
333 silly reify   '/Users/macair1/projects/SectorCalc-p5a/.firebase/sectorcalc-bf412/functions/node_modules/@sentry/cli-win32-x64'
333 silly reify ]
334 verbose reify failed optional dependency /Users/macair1/projects/SectorCalc-p5a/.firebase/sectorcalc-bf412/functions/node_modules/@sentry/cli-win32-i686
335 silly reify mark deleted [
335 silly reify   '/Users/macair1/projects/SectorCalc-p5a/.firebase/sectorcalc-bf412/functions/node_modules/@sentry/cli-win32-i686'
335 silly reify ]
336 verbose reify failed optional dependency /Users/macair1/projects/SectorCalc-p5a/.firebase/sectorcalc-bf412/functions/node_modules/@sentry/cli-win32-arm64
337 silly reify mark deleted [
337 silly reify   '/Users/macair1/projects/SectorCalc-p5a/.firebase/sectorcalc-bf412/functions/node_modules/@sentry/cli-win32-arm64'
337 silly reify ]
338 verbose reify failed optional dependency /Users/macair1/projects/SectorCalc-p5a/.firebase/sectorcalc-bf412/functions/node_modules/@sentry/cli-linux-x64
339 silly reify mark deleted [
339 silly reify   '/Users/macair1/projects/SectorCalc-p5a/.firebase/sectorcalc-bf412/functions/node_modules/@sentry/cli-linux-x64'
339 silly reify ]
340 verbose reify failed optional dependency /Users/macair1/projects/SectorCalc-p5a/.firebase/sectorcalc-bf412/functions/node_modules/@sentry/cli-linux-i686
341 silly reify mark deleted [
341 silly reify   '/Users/macair1/projects/SectorCalc-p5a/.firebase/sectorcalc-bf412/functions/node_modules/@sentry/cli-linux-i686'
341 silly reify ]
342 verbose reify failed optional dependency /Users/macair1/projects/SectorCalc-p5a/.firebase/sectorcalc-bf412/functions/node_modules/@sentry/cli-linux-arm64
343 silly reify mark deleted [
343 silly reify   '/Users/macair1/projects/SectorCalc-p5a/.firebase/sectorcalc-bf412/functions/node_modules/@sentry/cli-linux-arm64'
343 silly reify ]
344 verbose reify failed optional dependency /Users/macair1/projects/SectorCalc-p5a/.firebase/sectorcalc-bf412/functions/node_modules/@sentry/cli-linux-arm
345 silly reify mark deleted [
345 silly reify   '/Users/macair1/projects/SectorCalc-p5a/.firebase/sectorcalc-bf412/functions/node_modules/@sentry/cli-linux-arm'
345 silly reify ]
346 verbose reify failed optional dependency /Users/macair1/projects/SectorCalc-p5a/.firebase/sectorcalc-bf412/functions/node_modules/@rollup/rollup-win32-x64-msvc
347 silly reify mark deleted [
347 silly reify   '/Users/macair1/projects/SectorCalc-p5a/.firebase/sectorcalc-bf412/functions/node_modules/@rollup/rollup-win32-x64-msvc'
347 silly reify ]
348 verbose reify failed optional dependency /Users/macair1/projects/SectorCalc-p5a/.firebase/sectorcalc-bf412/functions/node_modules/@rollup/rollup-win32-x64-gnu
349 silly reify mark deleted [
349 silly reify   '/Users/macair1/projects/SectorCalc-p5a/.firebase/sectorcalc-bf412/functions/node_modules/@rollup/rollup-win32-x64-gnu'
349 silly reify ]
350 verbose reify failed optional dependency /Users/macair1/projects/SectorCalc-p5a/.firebase/sectorcalc-bf412/functions/node_modules/@rollup/rollup-win32-ia32-msvc
351 silly reify mark deleted [
351 silly reify   '/Users/macair1/projects/SectorCalc-p5a/.firebase/sectorcalc-bf412/functions/node_modules/@rollup/rollup-win32-ia32-msvc'
351 silly reify ]
352 verbose reify failed optional dependency /Users/macair1/projects/SectorCalc-p5a/.firebase/sectorcalc-bf412/functions/node_modules/@rollup/rollup-win32-arm64-msvc
353 silly reify mark deleted [
353 silly reify   '/Users/macair1/projects/SectorCalc-p5a/.firebase/sectorcalc-bf412/functions/node_modules/@rollup/rollup-win32-arm64-msvc'
353 silly reify ]
354 verbose reify failed optional dependency /Users/macair1/projects/SectorCalc-p5a/.firebase/sectorcalc-bf412/functions/node_modules/@rollup/rollup-openharmony-arm64
355 silly reify mark deleted [
355 silly reify   '/Users/macair1/projects/SectorCalc-p5a/.firebase/sectorcalc-bf412/functions/node_modules/@rollup/rollup-openharmony-arm64'
355 silly reify ]
356 verbose reify failed optional dependency /Users/macair1/projects/SectorCalc-p5a/.firebase/sectorcalc-bf412/functions/node_modules/@rollup/rollup-openbsd-x64
357 silly reify mark deleted [
357 silly reify   '/Users/macair1/projects/SectorCalc-p5a/.firebase/sectorcalc-bf412/functions/node_modules/@rollup/rollup-openbsd-x64'
357 silly reify ]
358 verbose reify failed optional dependency /Users/macair1/projects/SectorCalc-p5a/.firebase/sectorcalc-bf412/functions/node_modules/@rollup/rollup-linux-x64-musl
359 silly reify mark deleted [
359 silly reify   '/Users/macair1/projects/SectorCalc-p5a/.firebase/sectorcalc-bf412/functions/node_modules/@rollup/rollup-linux-x64-musl'
359 silly reify ]
360 verbose reify failed optional dependency /Users/macair1/projects/SectorCalc-p5a/.firebase/sectorcalc-bf412/functions/node_modules/@rollup/rollup-linux-x64-gnu
361 silly reify mark deleted [
361 silly reify   '/Users/macair1/projects/SectorCalc-p5a/.firebase/sectorcalc-bf412/functions/node_modules/@rollup/rollup-linux-x64-gnu'
361 silly reify ]
362 verbose reify failed optional dependency /Users/macair1/projects/SectorCalc-p5a/.firebase/sectorcalc-bf412/functions/node_modules/@rollup/rollup-linux-s390x-gnu
363 silly reify mark deleted [
363 silly reify   '/Users/macair1/projects/SectorCalc-p5a/.firebase/sectorcalc-bf412/functions/node_modules/@rollup/rollup-linux-s390x-gnu'
363 silly reify ]
364 verbose reify failed optional dependency /Users/macair1/projects/SectorCalc-p5a/.firebase/sectorcalc-bf412/functions/node_modules/@rollup/rollup-linux-riscv64-musl
365 silly reify mark deleted [
365 silly reify   '/Users/macair1/projects/SectorCalc-p5a/.firebase/sectorcalc-bf412/functions/node_modules/@rollup/rollup-linux-riscv64-musl'
365 silly reify ]
366 verbose reify failed optional dependency /Users/macair1/projects/SectorCalc-p5a/.firebase/sectorcalc-bf412/functions/node_modules/@rollup/rollup-linux-riscv64-gnu
367 silly reify mark deleted [
367 silly reify   '/Users/macair1/projects/SectorCalc-p5a/.firebase/sectorcalc-bf412/functions/node_modules/@rollup/rollup-linux-riscv64-gnu'
367 silly reify ]
368 verbose reify failed optional dependency /Users/macair1/projects/SectorCalc-p5a/.firebase/sectorcalc-bf412/functions/node_modules/@rollup/rollup-linux-ppc64-musl
369 silly reify mark deleted [
369 silly reify   '/Users/macair1/projects/SectorCalc-p5a/.firebase/sectorcalc-bf412/functions/node_modules/@rollup/rollup-linux-ppc64-musl'
369 silly reify ]
370 verbose reify failed optional dependency /Users/macair1/projects/SectorCalc-p5a/.firebase/sectorcalc-bf412/functions/node_modules/@rollup/rollup-linux-ppc64-gnu
371 silly reify mark deleted [
371 silly reify   '/Users/macair1/projects/SectorCalc-p5a/.firebase/sectorcalc-bf412/functions/node_modules/@rollup/rollup-linux-ppc64-gnu'
371 silly reify ]
372 verbose reify failed optional dependency /Users/macair1/projects/SectorCalc-p5a/.firebase/sectorcalc-bf412/functions/node_modules/@rollup/rollup-linux-loong64-musl
373 silly reify mark deleted [
373 silly reify   '/Users/macair1/projects/SectorCalc-p5a/.firebase/sectorcalc-bf412/functions/node_modules/@rollup/rollup-linux-loong64-musl'
373 silly reify ]
374 verbose reify failed optional dependency /Users/macair1/projects/SectorCalc-p5a/.firebase/sectorcalc-bf412/functions/node_modules/@rollup/rollup-linux-loong64-gnu
375 silly reify mark deleted [
375 silly reify   '/Users/macair1/projects/SectorCalc-p5a/.firebase/sectorcalc-bf412/functions/node_modules/@rollup/rollup-linux-loong64-gnu'
375 silly reify ]
376 verbose reify failed optional dependency /Users/macair1/projects/SectorCalc-p5a/.firebase/sectorcalc-bf412/functions/node_modules/@rollup/rollup-linux-arm64-musl
377 silly reify mark deleted [
377 silly reify   '/Users/macair1/projects/SectorCalc-p5a/.firebase/sectorcalc-bf412/functions/node_modules/@rollup/rollup-linux-arm64-musl'
377 silly reify ]
378 verbose reify failed optional dependency /Users/macair1/projects/SectorCalc-p5a/.firebase/sectorcalc-bf412/functions/node_modules/@rollup/rollup-linux-arm64-gnu
379 silly reify mark deleted [
379 silly reify   '/Users/macair1/projects/SectorCalc-p5a/.firebase/sectorcalc-bf412/functions/node_modules/@rollup/rollup-linux-arm64-gnu'
379 silly reify ]
380 verbose reify failed optional dependency /Users/macair1/projects/SectorCalc-p5a/.firebase/sectorcalc-bf412/functions/node_modules/@rollup/rollup-linux-arm-musleabihf
381 silly reify mark deleted [
381 silly reify   '/Users/macair1/projects/SectorCalc-p5a/.firebase/sectorcalc-bf412/functions/node_modules/@rollup/rollup-linux-arm-musleabihf'
381 silly reify ]
382 verbose reify failed optional dependency /Users/macair1/projects/SectorCalc-p5a/.firebase/sectorcalc-bf412/functions/node_modules/@rollup/rollup-linux-arm-gnueabihf
383 silly reify mark deleted [
383 silly reify   '/Users/macair1/projects/SectorCalc-p5a/.firebase/sectorcalc-bf412/functions/node_modules/@rollup/rollup-linux-arm-gnueabihf'
383 silly reify ]
384 verbose reify failed optional dependency /Users/macair1/projects/SectorCalc-p5a/.firebase/sectorcalc-bf412/functions/node_modules/@rollup/rollup-freebsd-x64
385 silly reify mark deleted [
385 silly reify   '/Users/macair1/projects/SectorCalc-p5a/.firebase/sectorcalc-bf412/functions/node_modules/@rollup/rollup-freebsd-x64'
385 silly reify ]
386 verbose reify failed optional dependency /Users/macair1/projects/SectorCalc-p5a/.firebase/sectorcalc-bf412/functions/node_modules/@rollup/rollup-freebsd-arm64
387 silly reify mark deleted [
387 silly reify   '/Users/macair1/projects/SectorCalc-p5a/.firebase/sectorcalc-bf412/functions/node_modules/@rollup/rollup-freebsd-arm64'
387 silly reify ]
388 verbose reify failed optional dependency /Users/macair1/projects/SectorCalc-p5a/.firebase/sectorcalc-bf412/functions/node_modules/@rollup/rollup-darwin-x64
389 silly reify mark deleted [
389 silly reify   '/Users/macair1/projects/SectorCalc-p5a/.firebase/sectorcalc-bf412/functions/node_modules/@rollup/rollup-darwin-x64'
389 silly reify ]
390 verbose reify failed optional dependency /Users/macair1/projects/SectorCalc-p5a/.firebase/sectorcalc-bf412/functions/node_modules/@rollup/rollup-android-arm64
391 silly reify mark deleted [
391 silly reify   '/Users/macair1/projects/SectorCalc-p5a/.firebase/sectorcalc-bf412/functions/node_modules/@rollup/rollup-android-arm64'
391 silly reify ]
392 verbose reify failed optional dependency /Users/macair1/projects/SectorCalc-p5a/.firebase/sectorcalc-bf412/functions/node_modules/@rollup/rollup-android-arm-eabi
393 silly reify mark deleted [
393 silly reify   '/Users/macair1/projects/SectorCalc-p5a/.firebase/sectorcalc-bf412/functions/node_modules/@rollup/rollup-android-arm-eabi'
393 silly reify ]
394 verbose reify failed optional dependency /Users/macair1/projects/SectorCalc-p5a/.firebase/sectorcalc-bf412/functions/node_modules/@parcel/watcher-win32-x64
395 silly reify mark deleted [
395 silly reify   '/Users/macair1/projects/SectorCalc-p5a/.firebase/sectorcalc-bf412/functions/node_modules/@parcel/watcher-win32-x64'
395 silly reify ]
396 verbose reify failed optional dependency /Users/macair1/projects/SectorCalc-p5a/.firebase/sectorcalc-bf412/functions/node_modules/@parcel/watcher-win32-ia32
397 silly reify mark deleted [
397 silly reify   '/Users/macair1/projects/SectorCalc-p5a/.firebase/sectorcalc-bf412/functions/node_modules/@parcel/watcher-win32-ia32'
397 silly reify ]
398 verbose reify failed optional dependency /Users/macair1/projects/SectorCalc-p5a/.firebase/sectorcalc-bf412/functions/node_modules/@parcel/watcher-win32-arm64
399 silly reify mark deleted [
399 silly reify   '/Users/macair1/projects/SectorCalc-p5a/.firebase/sectorcalc-bf412/functions/node_modules/@parcel/watcher-win32-arm64'
399 silly reify ]
400 verbose reify failed optional dependency /Users/macair1/projects/SectorCalc-p5a/.firebase/sectorcalc-bf412/functions/node_modules/@parcel/watcher-linux-x64-musl
401 silly reify mark deleted [
401 silly reify   '/Users/macair1/projects/SectorCalc-p5a/.firebase/sectorcalc-bf412/functions/node_modules/@parcel/watcher-linux-x64-musl'
401 silly reify ]
402 verbose reify failed optional dependency /Users/macair1/projects/SectorCalc-p5a/.firebase/sectorcalc-bf412/functions/node_modules/@parcel/watcher-linux-x64-glibc
403 silly reify mark deleted [
403 silly reify   '/Users/macair1/projects/SectorCalc-p5a/.firebase/sectorcalc-bf412/functions/node_modules/@parcel/watcher-linux-x64-glibc'
403 silly reify ]
404 verbose reify failed optional dependency /Users/macair1/projects/SectorCalc-p5a/.firebase/sectorcalc-bf412/functions/node_modules/@parcel/watcher-linux-arm64-musl
405 silly reify mark deleted [
405 silly reify   '/Users/macair1/projects/SectorCalc-p5a/.firebase/sectorcalc-bf412/functions/node_modules/@parcel/watcher-linux-arm64-musl'
405 silly reify ]
406 verbose reify failed optional dependency /Users/macair1/projects/SectorCalc-p5a/.firebase/sectorcalc-bf412/functions/node_modules/@parcel/watcher-linux-arm64-glibc
407 silly reify mark deleted [
407 silly reify   '/Users/macair1/projects/SectorCalc-p5a/.firebase/sectorcalc-bf412/functions/node_modules/@parcel/watcher-linux-arm64-glibc'
407 silly reify ]
408 verbose reify failed optional dependency /Users/macair1/projects/SectorCalc-p5a/.firebase/sectorcalc-bf412/functions/node_modules/@parcel/watcher-linux-arm-musl
409 silly reify mark deleted [
409 silly reify   '/Users/macair1/projects/SectorCalc-p5a/.firebase/sectorcalc-bf412/functions/node_modules/@parcel/watcher-linux-arm-musl'
409 silly reify ]
410 verbose reify failed optional dependency /Users/macair1/projects/SectorCalc-p5a/.firebase/sectorcalc-bf412/functions/node_modules/@parcel/watcher-linux-arm-glibc
411 silly reify mark deleted [
411 silly reify   '/Users/macair1/projects/SectorCalc-p5a/.firebase/sectorcalc-bf412/functions/node_modules/@parcel/watcher-linux-arm-glibc'
411 silly reify ]
412 verbose reify failed optional dependency /Users/macair1/projects/SectorCalc-p5a/.firebase/sectorcalc-bf412/functions/node_modules/@parcel/watcher-freebsd-x64
413 silly reify mark deleted [
413 silly reify   '/Users/macair1/projects/SectorCalc-p5a/.firebase/sectorcalc-bf412/functions/node_modules/@parcel/watcher-freebsd-x64'
413 silly reify ]
414 verbose reify failed optional dependency /Users/macair1/projects/SectorCalc-p5a/.firebase/sectorcalc-bf412/functions/node_modules/@parcel/watcher-darwin-x64
415 silly reify mark deleted [
415 silly reify   '/Users/macair1/projects/SectorCalc-p5a/.firebase/sectorcalc-bf412/functions/node_modules/@parcel/watcher-darwin-x64'
415 silly reify ]
416 verbose reify failed optional dependency /Users/macair1/projects/SectorCalc-p5a/.firebase/sectorcalc-bf412/functions/node_modules/@parcel/watcher-android-arm64
417 silly reify mark deleted [
417 silly reify   '/Users/macair1/projects/SectorCalc-p5a/.firebase/sectorcalc-bf412/functions/node_modules/@parcel/watcher-android-arm64'
417 silly reify ]
418 verbose reify failed optional dependency /Users/macair1/projects/SectorCalc-p5a/.firebase/sectorcalc-bf412/functions/node_modules/@next/swc-win32-x64-msvc
419 silly reify mark deleted [
419 silly reify   '/Users/macair1/projects/SectorCalc-p5a/.firebase/sectorcalc-bf412/functions/node_modules/@next/swc-win32-x64-msvc'
419 silly reify ]
420 verbose reify failed optional dependency /Users/macair1/projects/SectorCalc-p5a/.firebase/sectorcalc-bf412/functions/node_modules/@next/swc-win32-arm64-msvc
421 silly reify mark deleted [
421 silly reify   '/Users/macair1/projects/SectorCalc-p5a/.firebase/sectorcalc-bf412/functions/node_modules/@next/swc-win32-arm64-msvc'
421 silly reify ]
422 verbose reify failed optional dependency /Users/macair1/projects/SectorCalc-p5a/.firebase/sectorcalc-bf412/functions/node_modules/@next/swc-linux-x64-musl
423 silly reify mark deleted [
423 silly reify   '/Users/macair1/projects/SectorCalc-p5a/.firebase/sectorcalc-bf412/functions/node_modules/@next/swc-linux-x64-musl'
423 silly reify ]
424 verbose reify failed optional dependency /Users/macair1/projects/SectorCalc-p5a/.firebase/sectorcalc-bf412/functions/node_modules/@next/swc-linux-x64-gnu
425 silly reify mark deleted [
425 silly reify   '/Users/macair1/projects/SectorCalc-p5a/.firebase/sectorcalc-bf412/functions/node_modules/@next/swc-linux-x64-gnu'
425 silly reify ]
426 verbose reify failed optional dependency /Users/macair1/projects/SectorCalc-p5a/.firebase/sectorcalc-bf412/functions/node_modules/@next/swc-linux-arm64-musl
427 silly reify mark deleted [
427 silly reify   '/Users/macair1/projects/SectorCalc-p5a/.firebase/sectorcalc-bf412/functions/node_modules/@next/swc-linux-arm64-musl'
427 silly reify ]
428 verbose reify failed optional dependency /Users/macair1/projects/SectorCalc-p5a/.firebase/sectorcalc-bf412/functions/node_modules/@next/swc-linux-arm64-gnu
429 silly reify mark deleted [
429 silly reify   '/Users/macair1/projects/SectorCalc-p5a/.firebase/sectorcalc-bf412/functions/node_modules/@next/swc-linux-arm64-gnu'
429 silly reify ]
430 verbose reify failed optional dependency /Users/macair1/projects/SectorCalc-p5a/.firebase/sectorcalc-bf412/functions/node_modules/@next/swc-darwin-x64
431 silly reify mark deleted [
431 silly reify   '/Users/macair1/projects/SectorCalc-p5a/.firebase/sectorcalc-bf412/functions/node_modules/@next/swc-darwin-x64'
431 silly reify ]
432 verbose reify failed optional dependency /Users/macair1/projects/SectorCalc-p5a/.firebase/sectorcalc-bf412/functions/node_modules/next/node_modules/@img/sharp-win32-x64
433 silly reify mark deleted [
433 silly reify   '/Users/macair1/projects/SectorCalc-p5a/.firebase/sectorcalc-bf412/functions/node_modules/next/node_modules/@img/sharp-win32-x64'
433 silly reify ]
434 verbose reify failed optional dependency /Users/macair1/projects/SectorCalc-p5a/.firebase/sectorcalc-bf412/functions/node_modules/next/node_modules/@img/sharp-win32-ia32
435 silly reify mark deleted [
435 silly reify   '/Users/macair1/projects/SectorCalc-p5a/.firebase/sectorcalc-bf412/functions/node_modules/next/node_modules/@img/sharp-win32-ia32'
435 silly reify ]
436 verbose reify failed optional dependency /Users/macair1/projects/SectorCalc-p5a/.firebase/sectorcalc-bf412/functions/node_modules/next/node_modules/@img/sharp-wasm32
437 silly reify mark deleted [
437 silly reify   '/Users/macair1/projects/SectorCalc-p5a/.firebase/sectorcalc-bf412/functions/node_modules/next/node_modules/@img/sharp-wasm32'
437 silly reify ]
438 verbose reify failed optional dependency /Users/macair1/projects/SectorCalc-p5a/.firebase/sectorcalc-bf412/functions/node_modules/next/node_modules/@img/sharp-linuxmusl-x64
439 silly reify mark deleted [
439 silly reify   '/Users/macair1/projects/SectorCalc-p5a/.firebase/sectorcalc-bf412/functions/node_modules/next/node_modules/@img/sharp-linuxmusl-x64'
439 silly reify ]
440 verbose reify failed optional dependency /Users/macair1/projects/SectorCalc-p5a/.firebase/sectorcalc-bf412/functions/node_modules/next/node_modules/@img/sharp-linuxmusl-arm64
441 silly reify mark deleted [
441 silly reify   '/Users/macair1/projects/SectorCalc-p5a/.firebase/sectorcalc-bf412/functions/node_modules/next/node_modules/@img/sharp-linuxmusl-arm64'
441 silly reify ]
442 verbose reify failed optional dependency /Users/macair1/projects/SectorCalc-p5a/.firebase/sectorcalc-bf412/functions/node_modules/next/node_modules/@img/sharp-linux-x64
443 silly reify mark deleted [
443 silly reify   '/Users/macair1/projects/SectorCalc-p5a/.firebase/sectorcalc-bf412/functions/node_modules/next/node_modules/@img/sharp-linux-x64'
443 silly reify ]
444 verbose reify failed optional dependency /Users/macair1/projects/SectorCalc-p5a/.firebase/sectorcalc-bf412/functions/node_modules/next/node_modules/@img/sharp-linux-s390x
445 silly reify mark deleted [
445 silly reify   '/Users/macair1/projects/SectorCalc-p5a/.firebase/sectorcalc-bf412/functions/node_modules/next/node_modules/@img/sharp-linux-s390x'
445 silly reify ]
446 verbose reify failed optional dependency /Users/macair1/projects/SectorCalc-p5a/.firebase/sectorcalc-bf412/functions/node_modules/next/node_modules/@img/sharp-linux-arm64
447 silly reify mark deleted [
447 silly reify   '/Users/macair1/projects/SectorCalc-p5a/.firebase/sectorcalc-bf412/functions/node_modules/next/node_modules/@img/sharp-linux-arm64'
447 silly reify ]
448 verbose reify failed optional dependency /Users/macair1/projects/SectorCalc-p5a/.firebase/sectorcalc-bf412/functions/node_modules/next/node_modules/@img/sharp-linux-arm
449 silly reify mark deleted [
449 silly reify   '/Users/macair1/projects/SectorCalc-p5a/.firebase/sectorcalc-bf412/functions/node_modules/next/node_modules/@img/sharp-linux-arm'
449 silly reify ]
450 verbose reify failed optional dependency /Users/macair1/projects/SectorCalc-p5a/.firebase/sectorcalc-bf412/functions/node_modules/next/node_modules/@img/sharp-libvips-linuxmusl-x64
451 silly reify mark deleted [
451 silly reify   '/Users/macair1/projects/SectorCalc-p5a/.firebase/sectorcalc-bf412/functions/node_modules/next/node_modules/@img/sharp-libvips-linuxmusl-x64'
451 silly reify ]
452 verbose reify failed optional dependency /Users/macair1/projects/SectorCalc-p5a/.firebase/sectorcalc-bf412/functions/node_modules/next/node_modules/@img/sharp-libvips-linuxmusl-arm64
453 silly reify mark deleted [
453 silly reify   '/Users/macair1/projects/SectorCalc-p5a/.firebase/sectorcalc-bf412/functions/node_modules/next/node_modules/@img/sharp-libvips-linuxmusl-arm64'
453 silly reify ]
454 verbose reify failed optional dependency /Users/macair1/projects/SectorCalc-p5a/.firebase/sectorcalc-bf412/functions/node_modules/next/node_modules/@img/sharp-libvips-linux-x64
455 silly reify mark deleted [
455 silly reify   '/Users/macair1/projects/SectorCalc-p5a/.firebase/sectorcalc-bf412/functions/node_modules/next/node_modules/@img/sharp-libvips-linux-x64'
455 silly reify ]
456 verbose reify failed optional dependency /Users/macair1/projects/SectorCalc-p5a/.firebase/sectorcalc-bf412/functions/node_modules/next/node_modules/@img/sharp-libvips-linux-s390x
457 silly reify mark deleted [
457 silly reify   '/Users/macair1/projects/SectorCalc-p5a/.firebase/sectorcalc-bf412/functions/node_modules/next/node_modules/@img/sharp-libvips-linux-s390x'
457 silly reify ]
458 verbose reify failed optional dependency /Users/macair1/projects/SectorCalc-p5a/.firebase/sectorcalc-bf412/functions/node_modules/next/node_modules/@img/sharp-libvips-linux-arm64
459 silly reify mark deleted [
459 silly reify   '/Users/macair1/projects/SectorCalc-p5a/.firebase/sectorcalc-bf412/functions/node_modules/next/node_modules/@img/sharp-libvips-linux-arm64'
459 silly reify ]
460 verbose reify failed optional dependency /Users/macair1/projects/SectorCalc-p5a/.firebase/sectorcalc-bf412/functions/node_modules/next/node_modules/@img/sharp-libvips-linux-arm
461 silly reify mark deleted [
461 silly reify   '/Users/macair1/projects/SectorCalc-p5a/.firebase/sectorcalc-bf412/functions/node_modules/next/node_modules/@img/sharp-libvips-linux-arm'
461 silly reify ]
462 verbose reify failed optional dependency /Users/macair1/projects/SectorCalc-p5a/.firebase/sectorcalc-bf412/functions/node_modules/next/node_modules/@img/sharp-libvips-darwin-x64
463 silly reify mark deleted [
463 silly reify   '/Users/macair1/projects/SectorCalc-p5a/.firebase/sectorcalc-bf412/functions/node_modules/next/node_modules/@img/sharp-libvips-darwin-x64'
463 silly reify ]
464 verbose reify failed optional dependency /Users/macair1/projects/SectorCalc-p5a/.firebase/sectorcalc-bf412/functions/node_modules/next/node_modules/@img/sharp-darwin-x64
465 silly reify mark deleted [
465 silly reify   '/Users/macair1/projects/SectorCalc-p5a/.firebase/sectorcalc-bf412/functions/node_modules/next/node_modules/@img/sharp-darwin-x64'
465 silly reify ]
466 silly ADD
467 silly ADD
468 silly ADD
469 silly ADD
470 silly ADD
471 silly ADD
472 silly ADD
473 silly ADD
474 silly ADD
475 silly ADD
476 silly ADD
477 silly ADD
478 silly ADD
479 silly ADD
480 silly ADD
481 silly ADD
482 silly ADD
483 silly ADD
484 silly ADD
485 silly ADD
486 silly ADD
487 silly ADD
488 silly ADD
489 silly ADD
490 silly ADD
491 silly ADD
492 silly ADD
493 silly ADD
494 silly ADD
495 silly ADD
496 silly ADD
497 silly ADD
498 silly ADD
499 silly ADD
500 silly ADD
501 silly ADD
502 silly ADD
503 silly ADD
504 silly ADD
505 silly ADD
506 silly ADD
507 silly ADD
508 silly ADD
509 silly ADD
510 silly ADD
511 silly ADD
512 silly ADD
513 silly ADD
514 silly ADD
515 silly ADD
516 silly ADD
517 silly ADD
518 silly ADD
519 silly ADD
520 silly ADD
521 silly ADD
522 silly ADD
523 silly ADD
524 silly ADD
525 silly ADD
526 silly ADD
527 silly ADD
528 silly ADD
529 silly ADD
530 silly ADD
531 silly ADD
532 silly ADD
533 silly ADD
534 silly ADD
535 silly ADD
536 silly ADD
537 silly ADD
538 silly ADD
539 silly ADD
540 silly ADD
541 silly ADD
542 silly ADD
543 silly ADD
544 silly ADD
545 silly ADD
546 silly ADD
547 silly ADD
548 silly ADD
549 silly ADD
550 silly ADD
551 silly ADD
552 silly ADD
553 silly ADD
554 silly ADD
555 silly ADD
556 silly ADD
557 silly ADD
558 silly ADD
559 silly ADD
560 silly ADD
561 silly ADD
562 silly ADD
563 silly ADD
564 silly ADD
565 silly ADD
566 verbose cwd /Users/macair1/projects/SectorCalc-p5a/.firebase/sectorcalc-bf412/functions
567 verbose os Darwin 27.0.0
568 verbose node v22.22.2
569 verbose npm  v10.9.7
570 verbose exit 0
571 info ok
